L 1 "merc.c"
N/* GIMP RGB C-Source image dump (merc.c) */
N
N#define MERC_WIDTH (100)
N#define MERC_HEIGHT (100)
N#define MERC_BYTES_PER_PIXEL (2) /* 2:RGB16, 3:RGB, 4:RGBA */
N#define MERC_PIXEL_DATA ((unsigned char*) MERC_pixel_data)
Nstatic const unsigned char MERC_pixel_data[100 * 100 * 2 + 1] =
N("\347\252\354z\357B\357\062\357\062\317\062\360\062\357\062\316:K:\310)h\031\252"
N "\021-\032n\"N\"-\",\"\251!F!e\061\010Jos\021\204\321\203\214j*b\254Z\254J*:F\031"
N "\203\010!\000A\000b\010\343\030e)\246\061e)$!\004\031\004\031F!&\031&!\005!\005\031\304\030\303"
N "\030\344\040\004)\303(A\030!\000!\000!\000A\010b\010\243\020\207\061.s\022\224S\224S\224\325"
N "\234\227\265\371\275\331\305w\305\066\305V\275\325\274P\273(\271\013\262\062"
N "\264w\275\270\275\270\305w\275\066\275\324\254\264\244s\214\322sLB\305\030c"
N "\010B\010b\010A\010A\010!\000A\010\243\020\004!%!\004!$!\244\071f\232\212j\316B\357\062\357"
N "\062\320\062\320\062\317\062\316:K\062\311)h\031\252\021-\032o\"M\"\014\"\353!\250"
N "!%!%\071\307Y\314jNs\016s\251a\251aJZ*Bg!\203\010A\000!\000A\000\202\010\003!D\061e\061"
N "D)\004!\004!\344\030\303\020\243\020\243\020\202\010\243\020\304\020\344\020\005\031\004!\303"
N "\030b\010!\000!\000!\000A\010b\010\203\020\345(\352i\016\233O\243p\243\261\243\022\254"
N "t\264\224\274\224\274t\274S\274\321\273,\262\245\260H\261\356\262\362\263"
N "\022\264\062\274S\274S\264\224\264\264\254\223\254S\234\260\203\311\071\244\020"
N "\243\020\303\020\202\020A\010A\000A\010\243\020%!E)$)$)\243\071\347a(R\254J\356B\317"
N "\062\317\062\317\062\357\062\316\062K\062\311)h\031\313\021-\032o\",\"\312)\250)f)"
N "E\071DQ\305yH\202\212r)RGY\351i\213b*B&!c\010A\000b\010\202\020\242\020\343\040\003"
N "\061$\061\003!\003!\004!\004!\344\030\243\020\243\020\243\020%\031f!\207!f!\005\031\244\020B"
N "\010!\000A\000!\000b\010b\020\202\020\203(\244`\305\220'\231\211\231\251\241i\251\211"
N "\251\252\251\013\262\013\262\353\261'\261\245\260c\260\204\260'\261h\251i\261"
N "\211\261\312\261\352\261\352\251K\252\356\262o\263\315\222\012b&)F!F!\344\030"
N "\201\020\242\030\302\030\004!e)\246\071\205\071$)C)\307A\307IjR\315J\357\062\357\062"
N "\357\062\357\062\316:\254:\012*\211\031\313\031-\032n\"\013*\207\061\205I\344q\004\222"
N "C\252\243\302G\313K\243\212j\351Y.{s\224\022|\310)\203\010\243\020\343\040\004\061"
N "$\061$\061\003\061\003\061\343(\004\061%\071%\061%!\344\030\344\030E!\350\061):):\310)%\031"
N "\243\010B\010A\000!\000A\000b\010\202\020\203\020\303(\304hd\220\244\230\345\230\305"
N "\230D\240d\250d\250d\250\205\250\204\250c\260C\260C\260C\260C\250C\250d\260"
N "d\270d\270c\260c\250d\250\305\260'\261g\241gqg\071\207\061\247\061e\061$\061#\061"
N "d\061e\061\246\061\306A\246\071e\061\003\031\247\071)R\254Z\316B\356\062\357\062\357"
N "\062\017;\322K\225lTd\317\062\313\031\015\032-\"\012:\205I\003\222\303\302\004\323c\343"
N "\304\343\214\344\321\314\021\234\320\213\324\244\370\275\270\265\260kG\031\344"
N "\030e\071\205IeIDA#\071\003\061\343\060\004AfI\206A\246\071E)f)\347\071jBjBJ:\350\071"
N "E)\303\030b\010A\010A\010\242\020\004!%!\004!F\061\311i\251\221G\221g\211h\221\210\231"
N "\352\241\012\252\351\251\311\261\251\251\346\250c\250\245\260'\261\210\251"
N "\211\251\352\251\013\262\251\271\346\260\204\250\204\250\244\260\204\260\204"
N "\240\305xgI\310A\350A\306I\346Q\006R\347I\347A\347A\347A\307A\246\071$!\017St"
N "t\326\204\363c\020;\357\062\017;PC\266ly\215\231\225UlN\"\015\032,*\011B\006r\205"
N "\252E\323\246\333\245\333(\344\060\345\225\325V\265\025\245\330\275\273\326"
N "z\316\325\234\351\061f\061\347Q\307YeQ#\071\003\061\343\040\343(\004\071\206I\347I\010"
N "B\347\071\307\071(BJB*B)B\347AE\071\343(\202\020A\010\243\020d)'R'R\307\071\351\071"
N "\355jO\213\213\212J\202\355\212o\233\321\233\361\243\217\253n\263\355\252"
N "*\252\306\250H\251\315\252\261\263\362\253\022\254\224\274\224\274\322\273"
N "\316\262l\252\215\252l\262\012\252\251\221\310Y\011B(RGbhjhb(R(B\007B\347I\007J"
N "\306\071$!\226l\372\245\372\255\265|PC\357\062\356:/CSl\067\215\067\225\064tM*"
N "\354\031\013*\011Jhzi\253l\314l\314\312\313\352\313\321\314U\305\227\265w\265"
N "\370\305Z\316\370\275s\214\012:\307A(Z\010Z\205A$\061\343(\303\030\303\030\344"
N "(E\061\247\071\307\071\307A\307A\347I\247A\247\071\307A\247IeI\343\060b\020b\010"
N "\343\030\347I\311z\250r(R*B\315Zo{\015\203\354\202n\203\361\223R\234\061\234"
N "\360\243\256\253M\253\254\242h\241\012\252\321\253\264\264\264\254\324\264"
N "w\275\330\305\227\305\025\265S\244R\244S\254S\254\260\233\214r\010J(RhbhjGZ"
N "(J(B\007B\007J\007J\306\071\344\030\327t\032\256\331\255S\204\356R\255:\254:\253B\015"
N "S\260k\321{/c,\062\353!\352)\310AHj\213\233\216\274\257\304\015\264*\243\316"
N "\243\364\254\227\265\267\275\226\275\065\265r\234\355b\010JiZ\252jib\010B\307"
N "\071\206\071%\061\344\040\004!%)\206\061\206\061\206\071\246I\306QEI\247Q\010Z\350Y"
N "fQEI\343(\243\020%!HR\311zhr\307I\350\071\213J\355j\213z\253\202\015\203N\203"
N "\260\213\257\223\216\233\014\233\353\232j\222'\241+\242\321\243\264\244\062"
N "\234\022\244\324\254\227\275\370\275\267\265\264\224R\214\062\214R\214\021\214"
N "\354j\350I\347I\007R'b\007J\347A\347\071\347A\347I\010J\307\071\303\030\363c\224\214"
N "\021\214\014{\312z\352r\353Z-C\354:\213J\315J\221C\262C/[\213R\350A\347I+\203"
N "n\264\216\274\314\243\251\202,\203\263\244\226\265\267\275\324\264\217\223"
N "Jb\350QIj\211jib\010B(BIR\010Z\347Y\246I\206\071\307\061\347\061\307\071\206\071"
N "\307I\306Q\347ajr\354z\314\202\212\202\252\202\253zIZ\307\071jZ\253rHjIZjJ"
N "\254Z\254j\253z-\213\217\213.\203\015\203-\213,\213\252\222\211\222\307\201"
N "\345\220\250\231N\213\361\203O\203/\223\220\233s\254V\265\066\245\062\204/c"
N "\356Z\315R\254R\011J\246A\347I\007J\007Z\347Q\307A\307\071\306\071\307A\007J\306\071"
N "\343\030\355b\314z\212z\211\222\011\233)\233K{\216Kp+\221#\065$\367,\067U\224"
N "|\256\203\212b\010Jib\013\203\316\233l\223\211z,{\263\234v\265V\265\222\254"
N "M\213jr\010jIr\211r\306I\205\061\347A(ZHr'r\306Y\347I\007J\007B\246\061e\071\246A"
N "\307I(j\353\202\317\233\320\243\320\253\061\264\020\254n\213\212Z\212Z\314r"
N "\212r\252r\015kNs\260\203\021\224\324\244\065\255r\244M\223+\223+\223\210\222"
N "g\232\006\232%\211F\201kr\254b*J\011Zkr.\213\061\234\061\214Nk\011Bf)&!&!$\061\206"
N "A\010JHR'b'j\007R\347\071\246\061\206\071\347A\246\071\343\040\353z\251\202\012\223"
N "k\243j\263i\253K\213N[Q#\364\013\330\004\272\015\372Uw\215\060\224\013s\212R\253"
N "b\260\203s\244\021\234N\213\015{\021\224\263\244r\244\317\223-{jj\350a\347a\307"
N "YE\071\004\061E\071\205I\245Q\245Q\205QeA\205\071e\061e\061E\061\246I\307Q\010b\013\203"
N "\357\243\222\274\263\274\263\304q\264n\213\212bIZ\253j\252z\252z\354z\217"
N "\203R\224\024\245\267\275\370\305\323\274\356\253\010\253\307\252\306\262\244"
N "\312\304\312%\242\206q\307a\307Q\306I\007J(Rjj,\213M\203\313j\307I\307A\247"
N "\071\246\061E\061\307AiZ\252bhjHzHb\347I\246\071\205\071\245IeI\003\071\251\202\351"
N "\222\253\243\315\253J\243\350\232\250\212jZ\257\062\263\023\330\004\273\005\272"
N "%\027m\320\203\313r)J\315bT\224\027\255\264\244o\203jj\354zn\213n\213\354zj"
N "Z\247A%\061E\071eA$\071\344\070\004\071\004\061\004)\004)\004)\003\061\003\061\004)E\071\246I\347Q"
N "\347a'jhz\215\223q\264\263\274Q\264n\233\253z\010b)bij\211rIrir-\203\061\224"
N "\024\245\267\275\327\305\323\264\214\263\245\302\245\302\305\312\344\332\247"
N "\343\014\314*\223\006j&rg\202gj\211b\311jK\213m\223\313z\010ZIZ\312Z\312ZhRiZ"
N "\311Z\251bhbGj'b(R\007J\006R\245id\211D\201Gz\351\232\253\243\254\243+\233\250"
N "\212Gz\347a*J\020;U,\327$\370,u<O[)Z\310I\255bT\214\027\245t\224\213Z\206A\010"
N "R\014{\257\213\320\203kJ\345\030\243\020\004)EAeQ\004\071\303(\344\040E)\206\061E\061"
N "\004\061\003\071DA\206I\347Q'b\346Y\345i\345i\251z\316\243\357\253m\233\211\202"
N "\007r\350a(j(b\007b\007bIj\354z\256\203Q\224\263\244\222\254\020\254\310\262C\272"
N "c\272\244\302\344\322\311\323\260\304\321\264I\233\007\243g\263\210\253I\203"
N "*\203\315\223\263\254\364\264\360\213,kMkmkLk\012c\251ZGJ\007J\245I\305I'J\251"
N "Z\251b'z\345\231%\252'r\210\202J\223\213\233K\223\251\202Gj\347a\347Q\213"
N "RoS\362KU\064\364\033q;kR\350Q\315j\063\224\224\224\261\203(R\306IIJ\021\204\025"
N "\245\025\235\362s\312\061\203\020\344\040$\071EI\343\060\202\020\344\030\206\061\247"
N "\071\347I\206A\206I\206Q\347a\347a\205I\205Q\245Q\245Q\006b\251\202\312\202i"
N "z\010jIjjjIj\347Q\206I\307I\314b\217{\360\213\360\213\217\213-\213\353\222"
N "f\232\003\252#\252$\242e\242J\243\220\244\220\264\013\274\310\303\310\313\310"
N "\273i\223k\203\060\234v\275\371\315W\265\320{Mk\256s\317smc\252J\245\061d\061"
N "$\061$\061\306\071\251Z\012k\210r&\212\250\232(Zhb\012s\351\202\311\202Hj\007Z\246"
N "I\206A\307IJR\315Z\061;\263\033\323;O[\314jN\203\063\224S\224n{gjHb\353b\020\204"
N "U\255v\255s\204+B\244\020\303\030\004\061\004\071\302\040b\020\202\020\005!\207\061\247"
N "\071\350I)b\007j\307qfY\004A\206I)ZIZ'Z'bHb\010Z\253j\016s\355j\212b\010R\307A)B\254"
N "R\320{R\214\320\203-{\313zi\212G\222\344\231\303\221\244y\305qHrl\203\314"
N "\243\252\263\311\303\310\303\251\263j\213L{\256\203\263\244w\275W\265\021\214"
N "\313bMk\061|\021lNKf!\303\030\303\030\243\020\004!\211Rk{K\203*\213\315\233\010J\007"
N "B\010B\347Q\245Q\246A\206\071E\061%\061F\061\310\071*:\316\062\322C\063\\\361so{\360"
N "\213s\234s\234\217\203Hj\347YIZMs\357\203\320{.k\311\071\304\030\344\040\004)\004"
N "\061\343\060\303(\202\030\303\040%\071\011J\254Z\014{Iz\206\201\305p\006ikj\220{\257"
N "\203m\203\012s\312j\213R\016c\261so{\014{\251\202\251zJR\255J\320s\061\214\021"
N "\214\257\203-{jz(\202&\222\345\221\304\201\204q\306y\251\222\011\243\010\253"
N "\007\253I\243\255\223\256\203M{-{\217\213s\234\321\213\253j\350QIR\217k\062l"
N "\220S\351)\243\020\243\020\243\020\344\040HJl\203\356\233.\244\217\254(RHJ\246"
N "\071\004!\344\040%!&)&)\005!%)f)\310\071\314Z\360{r\214s\214\061\214r\224\364\244"
N "\365\244\062\224-{\354rjZ\247A\246A\307A\350A\247\061f\071fA\350QJb\307Y\004A\343"
N "\060$AeIJb\253b\014{)z\345pd\200H\221/\223t\234\324\244\222\244p\234\016\214"
N "\257{OcPc.s\312z\350\222\010\233\312\202*B\016c\317\203\020\214\257\203-s\253"
N "jJji\202\210\232F\252\006\242'\252\250\272\250\272\350\302\012\243\216\213\021"
N "\214\360\213-{\212r\212j\213b\011JfAEA\246AjR\216k\015S\310)\344\030\343\030\004"
N "!E)(Jl\203.\244O\254p\254Ij\010b\206A\005)\005!F)F)\005!\004!E\061\206\071\307A\212j"
N "\257\213Q\234\061\234\060\234Q\234\066\255w\265\026\255\224\234\021\204\217s\011"
N "B%)E\061\350A\253Z\253b\254j\217\203s\234R\234\212z\306a\347i\007r\252z\253j"
N "\212j\206Y\344`\346\220\251\221/\223t\234\264\234q\234\220\244\220\234Q\214"
N "\361s\017[JR\006j\205\222\206\222\007b\250\061kZM{\257\213\257\203-s\314b\213Z\314"
N "j\256\243l\303\351\312\311\312\250\312\246\332\011\323\216\263\320\233\062\214"
N "\320\203\313j\347Q\307Q\307A%!\344\030f\061\011JJZ\354r-s\213Z\246AeA\206A\206"
N "\071\010J\353r\315\233\255\213,{\010j\307a\206I\207\071\307I\307If\061\344\040%"
N "\061eA\206Q\206QIj\216\213\222\244\322\254\017\234n\213\224\244W\265\067\255"
N "\224\224\021\204Ok\011B%)e\071\253ZNsN{o\203\365\254\371\305\227\275R\244IrH"
N "zHzHz(r\307Y$\061\004AEa\350q\354z\260\203\320\203\256\203l{\017\224\221\234\262"
N "\224Nc\250\071eA\245Y\346a\247A\310\071kZ\014{m\203n{-s\355j\314j-sr\264\222"
N "\314\060\324K\323\311\322%\322g\302n\253\021\224\022\204\354b\246A\343(\343\040"
N "\303\030\203\020\243\020\351\061\220s\063\214\265\234\365\244\025\245\061\214\312"
N "j\347Y\246AIZM{\017\224\014s)ZfI\247Q\307A\350I\010Z\010b\206IE\071\205I\306a\245"
N "aEQ\010b\256\213\363\244\362\244/\224M{\321\213\265\244\265\244\261\203\016"
N "kJRF\061e\071\247I\313rn{N{N{\025\255{\316Z\316\025\265\354\202(r\007j\007r(r\246"
N "Y\004\061$\071\204Q\346aHb\313jNsn{\313jL{\261\244\063\255P\214IB\247\071\307I\350"
N "AK:KBkZ\212jM{\216\203-s\015{\253z-\203\061\244q\274\357\303l\303\352\272\245"
N "\241\306\221\354z\217s\015[)J\343(\242\030a\020b\010b\010\210)\316Ru\224x\265\331"
N "\275:\306:\306V\255,s\347I$\061(Z\216{r\234\216{\354r\350YIb)R\350I\010Z\347"
N "a\307Q\246A\246Q\245YdY$I\010ZMs\221\224\261\234\016\204\353jn{\062\234\023\224"
N "\315r\350Q\350Q\350Q\307Q\347Y\253z\354z\314\202N\213\324\244:\306Z\316V\255"
N "-\203\307YeI\307a\007r\306Y\004\061\003)$\071dI\245IiZ\257{\021\204Ns\256\203\261\244"
N "\022\245P\214\353J(:\010BjB\254:\214BkZ\212jM{\216{M\203\014\203\253zjj\314r"
N "\320\233\216\243\353\242\211\232\306\201\206YjZ\254R)BE\061\303\040\202\020b"
N "\020b\020\243\030\351A\221sX\255\332\275\032\276{\316:\306\026\245\355b\343\040"
N "\242\030\206\061\015c\364\234r\224\360\203jrij(RIJ\355j\315j\351Q\206\071\206"
N "AeIEA\004\071e\071(J\313b\013s\312jib\014{\320\223\260\223\354z\253r.{\260\213-"
N "{ij)b\212r\252\202\014\213R\244\270\275:\306\227\265\320\213\307YEA\247Y\007"
N "j\246Y\004\061\344($\061\004)$!\011BNc\021\204\361\203\061\214\262\224\362\234\060\204"
N "mcI\062):\253:\354:\214:*BjRns\260{\220\203\260\203o{\355j.sR\234\062\244\354"
N "\212\007z\246a\246Y\347Q\350I\207\061\004!\344\040\343\040\303\030\302\040DA(bo\203"
N "\366\254x\265\331\275\372\275\026\245\321{\250\061\243\020\203\020&!\314Z\224"
N "\224s\214R\214Ir(j\010J\356Z\064|T\214Os\250AE\061E\061%\061$)\004)E\071\205I\205"
N "Q\205Q\346Y\211r\215\223\257\223M\213N\203\062\224\265\244R\234\354r(ZIbij"
N "\252rn\213\264\244w\265W\265s\234)j\247Y\310Q\011Z\350QgAf\071E\061$)\004)f\061"
N "\253R\257{\062\214\224\234\323\234\263\234\357{\015SjB)B\212J\213:K\062\012:J"
N "J.c\260s\261s\063\204t\224S\214\264\224\026\255\026\255S\234)b\205Q\245Q\246"
N "I\207\071\011:\310\071\206\071f\071\206A\246I\306a\007j\212z\260\213\224\234\067\255"
N "\026\245\362\203JJF)\304\030\243\020F)\254R\260sok\320{\246i$\071F\061\316Z\064"
N "\214t\224\220\203Jb\206I\206AE\071$)%\061eI\305i\204aDADA\347a\352\202l\223"
N "l\213\217\213s\224\026\255t\234\015sIZ\010Z\010R\010RIR.ks\224\325\244\021\234j"
N "\202\310q\352aLZ,Z\011Z\350Y\307Q\206IE\071E\071\010R\354r\061\214\324\234\264"
N "\244\222\234\357\203\354ZIJ(R(R)J\012:\351\071jJ\015cPk\220kT\214\265\234t\214"
N "\366\234\271\275\271\275\265\244\253r\306I\246Ie\071\250\061\315Ros\313j\253"
N "j\257\203M{\252r\346a\347i\313\202\217\213\022\224\022\214KZ\207A\207\071%)\004"
N "!E\061\307\071\351A\247\071\314Z$\201\343@%\061Kbp\203\261\203\016{JrIr\347Y\246"
N "I$\071EA\246a\006z\305q\003\061\202\020\003\061\347Y\312zL\203\260\203\362\203T\214"
N "\362\213.{\212j\010Z\347Qf\061f)\207)\254R.{\313\212'\232\307\221\352\211Mj"
N "\215j\212rir\010b\307Q\206IEA\010Z\353r\357\213r\224\222\234\020\224Ms\253R("
N "J\347Q\307Q\307I\310A\350AjR\014k\016ko{\321\203\321\203\321{t\224x\255x\265"
N "\361\213\212j\007Z\306If\061\351\071\260{\223\234\257\213\361\223\263\244\263"
N "\234\256\203Hb\347a\212z-\203\260\203p{kZ\011R\011ZjZ(Rf\071E\061\004)\343(\206"
N "\071\205\221\350q\314rN\203\016\203o\203\320\223\257\213\253zIj\306YfI\247Y"
N "\007zh\212HzD\071B\010\202\020E\061\010Z-\203\260\213\261{\261s\221kOs\253r(j\306"
N "Q%)\344\020\344\030F)\247Q\306\201\243\251\304\251\010\232Kr\213jjjIb\010Z\307"
N "Q\307I\206\071\246AiZLs\357\213M\203\313rIZ\010B\206\071eAfI\206A\206A\307Ij"
N "Z\313j\212j\212r\014{\015s\355b\362\203\224\224\063\224.sIj\010Z\307I\310A\254"
N "Z\220{\260\203.{\257\213\066\255V\255r\224\251bij\313\202-\203o\203Os\355b"
N "\253b\313rMs\015c\350A\004)\243\040\242\040\343((\222n\223\264\254\026\265\325\254"
N "\325\254\264\244r\234\354z)r\307aJb\254r\314\202\217\233R\244Os\005!\203\020"
N "\345\040\250A\254j.{psP[\261c\261{\015sir\246Y\004\061\243\020\344\030F\061fQd\201"
N "A\241\302\261'\212\252b\252b\010J\347I\350I\350A\011B\011:\307\061e\061\306\071"
N "\007J)Z)b\350Qg\061F)\005\061%\061E\071e\071\246IiZ\252r(j\350i\347a\350Y\310Q\355"
N "r\220\203/s\254b\010Z\307Q\307Q(R\253j\015s\355rJj\354zR\234\324\244\317\203"
N "\252jIb\253r\014\203n\203Ns.c\014c\216c\060l\257c*:\344\030\242\030\242\040\242"
N "\030j\242s\264\331\315\032\316\271\305\231\305\366\254R\224\016s\310a\351ap\203"
N "\362\213\063\234\325\254\270\305w\265\016k&)\005)F\061*R\355j\016k.c\321s\321{."
N "kJb\206Q$\061\304\030%)\247A\307a\204\211!\231\203\221\007b\211R\211R(J(J\010J"
N "\010J)B):\307\061E!$!\306AIZIbjZ*J\012B\012:\210\061\206\061E\061\307AiZib\307Q\206"
N "QfIfI\206I)ZkbkZ*J\351I\247Q\347a(j\211r\253r\350a\247a)zn\213\320\223,{I"
N "j(Zjj\353\212M\213-s\015c,SmK\317S\256S\350\061\243\020\303\030\303\030\202\020"
N "j\242t\304\371\315:\316\271\305\027\265T\234p{KZ\310Y\254jT\214\326\244\027"
N "\255\331\305\233\326Z\316\224\234*R%\071%\071\247A\213ZOs\220{\220{\361\203"
N "\022\204Os\250A%)\345\040F)\307I\010r\306\201C\211dy\346YHRhRHZibjb\010R\307A"
N "\347A\206\061\004!%!\307\071\212b\354jnsOkq[\020S\317BK:%\061\246AIZiZ\347Q\206"
N "I%\071\004\061\004\061E\071\247I\351Q\351Q\250A\247Q\306a'jGz'z\246i\245q\006\212\352"
N "\232,\223\313\202(j\307Y(r\212\202\014\203\314j\313Z\353Z\353R\013S\352Z\206"
N "\071\344\040\344\040\304\040\202\030\213\242\062\264\270\305\371\305X\265\063\224"
N "\015kjZ)Zij.s\063\224\366\254\067\265\271\305\233\326Z\316\365\244\015{\307Yf"
N "I\206\071\314Z\062\204s\224S\224\325\244\066\255\325\234\356Zg)&)F)\247\071\350"
N "Q\307i\205ieYeI\205I\347Qib\312z\313r(R\207\061\247\071\247\061F\031\004!\307\071"
N "jRns\020\204R\204\322k\261kP[\214J\307A\347I\252j\353rIj\347Y\004\061\243\040\303"
N "\040\344(%AgaGq&afQ\206Q\307Y'\202&\232\344\241\344\251$\262f\262\012\243\013"
N "\213\211z\007j\347i(zizjz\011b\350Y\010b\010b\347a%I\344(\344\040\303\040\202\030"
N "-\223R\244w\265\331\275\026\245\220\203\213b\354r\253r\211r-{\321\213R\224"
N "R\234\025\265\330\275\270\265t\224\355r\350a\247Q%\061\316Rt\204W\255W\255\270"
N "\275\371\275w\255ps\210\061F\061G\061g)\207\071\247A\206AeAE\071\206\071\347Q\211"
N "j\013{,k\314J\214*\356*O+\213\"\247\031%)\347AIJ\354R\253\306k\347\014\327\215"
N "\306\313\224\012t\316\234\317\244O\224,\203\211rEA\343\060\004\071$\071\004A\005i\345"
N "\210\345\210fa\246Y\307YH\222f\262d\312B\322C\322\246\312L\253\257\233-{\007"
N "Z\206I\307Y(r\350y&i\005a%a&i%i\304P\244\060\303\040\243\040\303(\324\244\026\255"
N "X\255\231\265\026\245\362\223\062\234\263\244\061\224,\203\014\203.\203n\203,"
N "\213\357\233\223\234s\224\321\203\315rJrJb\207\071+:\022|\027\245x\255\230\265"
N "\270\275\365\254os\207\071f\071\246\071\006:\345JE[\206R\206\061F)\206\071\347Ih"
N "j\353jn[\320C\363#T,\325,\062$\355\"f!\206\071\303\030A\010\040l\240\235@\256\240"
N "\276\000\317`\337\241\347\304\357\350\224\312R\014cek$AeYeYEY%q\005\211%\221\206"
N "y\307a(ji\212\246\302\304\332\341\352\302\342\010\303\062\244\230\265W\255\254"
N "bE\071eA\247aFq\204hcX\244`\344`\304h\204X\203@\243\060\303(\004\061\267\275\230"
N "\265x\245\231\255w\265\366\254\230\275\371\305\330\305R\234\355zN\203.{\314"
N "\202-\203\320\213\362\213\362\213\220\203\321\213S\224\062\214\316b\315b\063"
N "\214\026\245W\265\365\254R\234o{JR\010J\006[Dt\342\214b\245\203\204dJ%)\206A\346"
N "YGj\252bNC\022,\225,\325,\265,\062$\213\"f)\247\071.k\264\224\022|\216k\255k\310"
N "R\002\031\341)c[\242[a!`\010`\010\201\204\205Q\246i\306y\246y\206y&\201F\221\247"
N "\221I\202I\202h\222\347\312%\343#\353\345\322\013\243\223\234\371\275\331\265"
N "\361\203\247I\307Q\307qFydhc`\204`\244`\304h\005q\304X\304P\005I\310Q\370\275"
N "\330\265w\255\230\255\271\265\330\275Z\316\274\326{\316\365\254\261\213\322"
N "\213\322\213\261\213\063\224\265\234\067\255\027\255\026\255x\265\032\306\031\306"
N "\366\244\356r\016{S\224\324\244r\244\061\234\360\203\217{Ks\351\203\304\214"
N "\241\255\240\255\301\224bBD\061dA\304Y\345a\347I\213Bo\063\022,\022$/#\355\"\307"
N "!E!JJ\021\204\331\265\067\245\325\234\365\234\021|\004\031\004!\317{\256{\353jIZ'"
N "Z'Z\246a\347\201'\232'\232\306\231E\231\210\241J\232\314\212\014\213\353\232"
N "\255\313-\344\312\343\011\273\354\222S\234W\265\026\255\021\224\217\213\252\202"
N ")\212\207\201\305p'q\345`\005iFq\246qfq\005aFa)j\364\244\025\245\025\245W\255\331"
N "\275\371\275Z\316\233\326Z\316W\265\262\233\363\233u\244\266\244\030\245y\245"
N "\332\265\033\276;\276|\306\274\326{\316w\265.{Ijn\203\317\213\317\223\060\224"
N "q\224\061\214\317\203,\214F\214A\214@\204\040c\242\061#\061dI\204Q\204QEA\010J"
N "\253B\315*\314\"\350\031E\031\303\030$)\314Z\223\234\270\265W\255\224\224\264"
N "\234nk%!\247\061\021\204\014k\212ZIZ(b\347a\206a\307\211\010\232H\252\007\252\206"
N "\241\215\262S\274\224\244\361\223\062\234v\315\031\336U\325\021\254\217\223\321"
N "\213s\234\224\244\264\254\223\254\014\223\010zFy\311\211/\223\214\202gq\307"
N "q(z\010r\206i\247iIr,s\320\203r\224\365\244w\255\270\265\330\275\371\275\330"
N "\275\366\254q\233\322\253u\254\030\245\232\245\232\245\333\255[\276\274\316"
N "\234\316|\306\371\265\224\224JZ\207Q)bir\252\212m\223\020\224\317\213Ns\354"
N "jhZ\304Q\242Ic\071$\061e\071eADA\003\061\004\071\206I)B\213*j\032\307)\343(\303\040\004"
N "\061IZ\061\234\364\254s\234\217\203\354j\344\060\243\040\350\071\062\204\353b\205"
N "\061\004!E\061EI%YF\201\246\231'\252\007\252)\262\022\304\270\315\371\305\230\265"
N "\270\275\233\326\273\336z\316V\265\264\244\026\255\067\265\227\275\330\305\330"
N "\305\360\223Iz\010z\254\212\264\254\223\244\016\203*r\212zIr)j\010b(j\307I\212"
N "jn\203\062\224\264\234\025\245\324\244\365\254\365\254S\234\356\232\316\232"
N "\363\243\030\245\071\225\227\204\267\214\272\255|\306|\306\271\255\363{\351"
N "I%\071\004)$\061eQ\206yG\242\352\232\212r\011J\250\061F)\344(\344(\344($)\206A\246"
N "QeI\004\071\344(EA\246A\350)\010\062\347Q\205I\343\060\004\061\247I\354zo\233\351\211"
N "\345x\305\200\204\210\306\230\207\211\220\243\361s%!\243\020\343\040\004\071\004"
N "Q\244\200\344\220%\241\247\251\314\262\224\274\371\305:\316\071\306\031\306"
N "{\316\233\326Z\316:\306\031\306\331\275\031\306{\316{\326\267\275r\244\014\213"
N "\252\212\216\213\065\255V\255\224\234\261\213\320\223\260\213o\203jbIjE\061"
N "(Z\354z\217\213\361\213\061\224\360\233\320\223\321\213\220\213\254\212*\212"
N "\221\223\266\234u\214Qs\016k\367\234\032\276\032\276\326\234\315b\206IE\071\343"
N "\040\242\030\344@e\201\305\241\205\211$Q\004!\304\030\244\020\243\030\304\040\304"
N "\040\005)fQ\247y\246y\206qEQE\071E\061f)\307\071\010J\346Q$\061\004)$\061\350ib\040\000"
N "\000\000\000\040\000\000\000\040\010\040\020\304Hl\242\263\224\207)\303\040\344\070\244P\203"
N "x\204\230&\251j\262\216\263\223\264\227\275\371\275\330\275\227\265w\265\227"
N "\265\371\275\032\306[\316[\316{\316\274\326\234\326\227\275q\244m\233\012\213"
N "l\213\263\234\066\255\326\244\326\244\225\244\365\254S\224o{\313r\004\061\307"
N "QIj\313r\015{\216\213N\213\355\202\315\202l\212\351\221\351\221\315\242\362"
N "\243\022\214\315b\011Z\022\214\027\255\067\255\321\213)Z\246IeA\004)\004)%\071\307i"
N "i\212)z\004\071\303\030\344\040\004)\004\061\004\061\344\040\304(\005Y\206\211\246\231\246"
N "\221\207ifI\307AF\031g!R\064Y\066\365Tr\214\350I\202(\000\000\000\000\000\000\040\000\000\000\040"
N "\000\000\000\000\000\040\010\016\243\324\214E\061\344@\304`\204\210\305\240\351\261L\263"
N "P\274\364\264\026\265V\255\365\244R\234\320\223R\234\026\255\330\275\032\306"
N ":\306{\316\233\326:\316\227\275Q\244l\223*\213\352zms\360\203\264\244\366"
N "\254\366\254W\255\325\234\022\224\021\224DAeI\206Q\206I\350Y\213z\314\202\254"
N "\202\312\211\211\231\210\241\210\251L\252/\243\260\213-{\354r\021\214\224\234"
N "\022\214\213b\246I\246Ae\071\247\061\214R\255bN{\021\224s\224\355b\207AfI\246"
N "QfQEIEI\004A\005QE\201\205\221\306\231\207q\247Y\253b\257kR\204\071\216]\207\273"
N "\216\324\224\011Z\000\010\000\000\000\000\040\000\040\000\000\000\040\000\040\000\000\000\000\000\203H\321\213"
N "\320s\303\060\303H\345xF\211\011\232\255\253\017\234nc\360s\224\234\361\213M"
N "\203\313\202\014\203\361\223W\265\270\265\230\265w\265\371\275V\265\365\254"
N "\020\234K\223\011\223\247z\251jn\203\021\224\224\244\265\244\067\245\067\235\366"
N "\244\026\255\204j\204Q\003\071\343(%\071\310a\014\213-\233\253\252\011\262\350\251"
N "\011\252l\252\220\243\360\223\357\223Q\224\222\234\222\224\354bf\061$)$!\207"
N ")/cS\214\265\234\026\245\330\275\031\306\066\255o\203irHz(j\007j\007j\306a\247aI"
N "rjr\253jiZIR\252R-c,[\352R\214[otn\204\306Z\003:#:D:B!\040\000\040\000\040\000\040\000\000"
N "\000\000\000\040(*z\062t\061|\320s\253RjJ)J)J\212R\350\071%!\015k\015s\212r\212rjr\015"
N "\203\022\224\022\224\260\203\062\234s\234\223\234r\234\256\223j\243'\243\346"
N "\232\210z\252z-\203\217\203\062\224\224\224\067\225x\245\230\255${\244Q\344"
N "(\304\040E\071\010bM\223\017\264\356\273\013\253\212\242n\243\061\254\323\254\262"
N "\244\262\244\023\255\064\255\222\224\314Z%!\343\020\004\031*:\024\204x\255\331\265"
N ":\276\274\326\334\336Z\316\224\244\312zhjhbgj\207r\250rHJ\005!\253J\360s\062"
N "|\320kNc\257s\324\224\065\235\065\235\066\235\324\224\323\234\320s-[\212J\007:"
N "FB\344\061\006:(B\344\030\000\000\040\040\243P\010:\314R\217c\020tr\204\064\235\030\266"
N "ncjB\217cR|r\204\217c\247\061\246\061\010:)B)J\350I)Z\253bNs.{\354\202)\233g"
N "\263G\253\311z\253j\254j\355j.{Os\022|\030\215X\235\205j\206Q%AFI\310Qn\203"
N "\257\223q\264\017\254\353\222\313\212\357\223\024\255U\255\323\244q\234q\234"
N "\262\234\360\203\213Z)Jf!f)\315Z\265\224x\255\230\255\032\276\274\326\375\336"
N "[\316\224\234\353jGRGRFR\250b\312b\257kR|-[)B\247)\206)E!\246\061\010:\014[\311"
N ")h!\214J\016[\360s\062|\360s\361s\320k\253J\350\061\303\020e)IB\350I)bb\010A\010"
N "A\010a\010a\010\202\010\252B\014S\257k\324\224\334\326\227\255\035\337\071\276*B"
N "\233\306\031\266\350\071nc\324\224\350\071\247\061\253R\253R\205\071\245I\245I"
N "\307A\247\071\011BjJ\213b\212b\314bOc\260s\205Q&Yhq\351\201)r\350I\014cQ\214"
N "q\234)j\350Yn\203\262\234\322\234\357\213\353r\253r\253j\212b\015k\217s\015"
N "[\214Ros\265\234t\224\362\203\067\245[\316\274\326\032\306\325\244\320{\211"
N "R&B\005B\250RLcI:\202\020A\000\202\020\004\031\243\020\344\030\004\031\303\020\343\020E!\012"
N "\062\315JNc\015[\350\071E!$!%!\206)\350\071jB\320k\260k\310\061\303\030\212JMc\314"
N "J\260cr|-[\364\214\313J\324\214\270\255ok\011:\061|~\357R\204~\347]\347\025\225"
N "\066\235\273\326\310\071\314R\333\316=\337jJ\247\061\324\214\232\306z\306\025"
N "\225f)\"S\302J\313R\320k\320;JZ\250a\312\201K\212\213z\253r\257\203\257{\360"
N "{\025\245JZibm\203\216\203\313r(Z\246Q\207Q\310Y\015s\257{\317{o{\320\213R\224"
N "O{\214bs\224\331\275:\306\032\306\227\275\324\244\020\204\250R\344R\311s.\204"
N "\004\031A\000\010:\327\265R\214\206\061jJr\234\323\244\320\203\350\071Nc\217c\247"
N ")\202\020@\000@\000\040\000\040\000\040\000\040\000\040\000\343\030\216k\357s\226\245\062|f)$!\020"
N "|\065\245\351\071\364\224\350\071\313R\253Rnc\066\225\374\316Z\306s\204\236\357"
N "\364\224~\347\034\327\327\265kB\232\306:\276\034\337\324\224\247)]\337\374\326"
N "\270\245\224\204\210!*\062m[s\204\327e\034_\021|\062|s\204\062\204NkjR\216s\323"
N "\234r\214\061\204\267\265\252bhr\012\203\352zHb\252Z\061l\320[\320crt\364\204"
N "\264\214\263\244\223\234-{Jb\220\203\026\245w\265\230\275W\265V\265\323\244"
N "K\204\244\214G\245M\255\205)A\000\344\030\065\245\324\224-[\260c\021\204u\265\065"
N "\275\065\265-[\313R\302\020\342R'\235K\255N\234jt,dP|\013Sd!`\010\040\000\040\000iJ"
N "\363\224\061|\303\030\206))BjB\303\030\307\061f)\350\071Nk\314R\350\071\216k\024"
N "\235\247\061\020|]\337V\245\233\306\071\276\267\255\273\316\035\337\260cx\235"
N "\371\255\233\316\223\214\213c+\225\320s\025uz^\272vNcOc\217c\217k\254JF!\202"
N "\010\202\020HB-cT\245v\255\311\202*\223\012\213Hb\246\071):\360k\021t\260cN[f!"
N "F!jJnk\253b.s\022\214\224\234S\224\062\234\263\254\221\234\214\224\005\235F\255"
N "k\265\314{a\010A\010\253J\321k\061|\066\225\270\245\330\255v\245\263\234\015[\006"
N "\062\203)\244\306\351\326\352\326&\266)S\252[\252c\214|\255|A\010\302\030\243"
N "\020A\010@\000\313Rnc\344\030):\206)b\010\202\020\303\030\243\020\343\040$!\004!\004!E)"
N "f)\206\061\247\061\307\061\011:\247\061F!F!\351\071\207)F!F!%!\005\031\004\031C!\004\031"
N "\344\030\004\031\010:\314R\355Z\015[\015[\314RJB\250\061\303\020\040\000\004\031\060\204\024"
N "\235\017\234\011\223\251z\307Q$)b\010b\010a\010a\010\343\030a\010\202\020\302\030\343"
N "\020\020t\062\204S\214S\214s\224R\224\061\234\317\223\312\213f\224\346\244\313"
N "\254Kk\303\020!\000\206).Snc\065\235\324\214\026\215\325\204.[\314J\312JE!\202"
N "\204\304\306e\276\245knk\017tq\204\020|\317{$!\303\030E)\206)\247)A\000\242\020"
N "\004\031\247)f)\243\020\303\020f)\303\020a\010!\000\040\000A\010a\010a\010a\010a\010\202\020"
N "\242\020\303\030\303\030\344\030\344\030\004\031E!\206\061\307\071\247\061\307\071\010"
N "BiB\020D\317#$\021kJ\213J\314R\314R\314R\254R\213J\247\061a\010@\010+c\020|Ls\311"
N "\212\007bE\061\304\030\004!\004!%)\344\030\247)%\031\202\010a\010\246\061ncR|s\204R|\021"
N "|\022|\062|R\204\222\204\257\214\216\224o\234\020|JB\242\010\350\061\223\214R\204"
N "V\235\267\245V\235v\235\213J\350J\302:B\062\"d`\215!\205$:\347I\007:hB\210J\007"
N "J(B\303\030*B\355J\261[JBA\000\202\020\303\030\206\061\213J\253J):f!\303\020$!$!"
N "\004\031\004\031\303\030\343\030\343\030\343\030\343\030\343\030\004\031$!$!\343\030\242\020"
N "a\010@\000\040\000\040\000\040\000@\010\242\020nc\217kjJkJ\213J\254R\254R\314R\354R\011B"
N "\243\020a\010\353Z\252Rmk\211r\010Z\206\071\005!\344\040\344($\071\307\071\217kkJj"
N "B\350\071\213B\314RkBkJ\213J\015[NcNcNc\260k\021|r\204r\204\021t\351\061\004\031-"
N "[\213B\250)\311)\350\061$!\013l):\306J\202S\201:\001K\241k\241c\202|!\205\001\256"
N "\344\224\307Z\306\071\307ZE!\263\224S\204\063t\321c\040\000\040\000b\010%!\015S\224"
N "|\325\204\066\225\066\225N[\202\010A\010A\010A\010A\010@\010@\010\040\000\040\000\040\000\040"
N "\000\040\000\040\000A\010a\010\202\020\302\030D)\007RHZ\007JE)\357sJBjJ\213J\213J\213J\253"
N "R\014[\207\061\202\020D)\352Z\307\071\353bHjij\010R\206AeAEI$A\014c\310\061F)\350"
N "\071\310\061JBkB\213J\214J\254J\254J\314R\314R\354R\254JkJkB\014SiJ\343\020\004"
N "\031oc\015[\071\276\324\214E!\201\010$!I:\305\071J\213A\010A\000A\010A\010A\010`\010!"
N "B\301s\343\214\342\214\242cE!\257sR\204\224\204\354R\040\000\040\000A\010%!k:/K\221"
N "[\362k\022lSt\062t\004\031\344\030\202\010\040\000\040\000\040\000\040\000\040\000@\010a\010\242\020"
N "E)\212J-k\313j\252r+\223l\233l\243+\223\251jJB*BJJjJjJ\213R\313R\014c\344\030"
N "\205)e)(B$!(B\007Z(rHj'b\007j\006rHj\015[f!f!\213J\212J\015S\355R\254JkBkBkJkJ\213"
N "J\214J\254R\314R\320k\223\204\212J&:\213B\227\245\320kR|\062|g!\202\010F!)B"
N "\003!m\274\353\222\303\040A\010A\010A\020\242\040\342\060\342\040\002\031\300\235!S%\031"
N "g\031g!\247)\242\020a\010\202\010\243\020\307\061K:J\062\315Jo[s|\021t\014[\212B\015"
N "SjB\243\020A\010\201\010\303\020f)jJ\220k\365\234\371\275\031\306\364\254m\203"
N "\313j\353zl\233l\233\013\213\347Q\010\062IBIJjJjJ\212R\354Z\253R\243\020HJE)\205"
N "\061\343\030\246\071\246Q\246Y\245Q\007bHz\210\202L{\257k,[\252J\353Z\014c,[Mc\317"
N "s\360s\061|r\204\324\214\264\214\223\204\062t\062|\365\214\270\245\254B\351)"
N "kB\361kMc\065\235\267\265\273\316\031\266\223\204\263\214\016t\311s\351\213\344"
N "Z\241B\242R\242b\302Zb\061\241\030\"!\341)\345\061JB.[\314J\213B\005\031\313J\011"
N "\062\350\061\314JK:\254BjB\317k\246\061\343\030\206\061\020t\222|\323|\024\205\263"
N "|\223t\226\225\366\224\026\235\026\235\271\255\371\275\330\275\323\234\014k\312"
N "Z\252b\252z\251\202(j$)\212J)BIBIJjJ\212R\354Z)B\004\031\307\061\307\061\003!\202"
N "\020\205\071eI$\071\003\061\245Qhz\352\202iR\242\020a\010A\010\040\000\040\000\040\000\040\000"
N "\040\000a\010\202\020\242\020\302\020\303\030e)\212J\061|\227\235\267\245U\225T\225"
N "\063\215\022\225mc\062|w\245V\245s\204p[\220c\011:\347\061mklc\355{\006S\007K\247|"
N "&BD!b!\240\010\003\031.[.[\213J\253J\206\061)B\212J\354RN[oc\021t\353Z\242\020\302"
N "\020a\010A\010\212J\212J\061|Q\204\222\214\014[jB\220k\366\224\026\235\331\265\331"
N "\265\270\265r\214\353b\312Z\253b\252r\212r\206A\246\061\313Z)B)BIBIJ\212J\014"
N "c\206)a\010a\010\306\071\343\030\202\020\246\071eA\343(\343(\205AHjm\213)B@\010\040"
N "\000@\000@\010\040\000\040\000\040\000\040\000\040\000\040\000\040\000\040\000\040\000\303\020N[\226\235\267"
N "\316\027\337\027\337\027\327\027\337\325\367p\245U\276\327\316\327\316\226\306"
N "T\266\365\255\062t.[\061t\223\204\267\255\330\265v\245\223\204\217co[g:\302"
N "\020\004\031&\031\247)F!F!\243\020\350\061J:\213BR\204\370\265\014[\242\020\010:\004\031"
N "a\010\202\020\343\030%!\011:.[\260k\361s\021t\021t\022|R\204\324\224W\245\230\265"
N "\223\224\354jMs\320{-s\353rE)\354Zmk\010B\010B)B)B\212J\313R\004\031\040\000\303\030"
N "e)D!%!\007B\014c\212R\212R\354bms\360\203nc\313J):*:):\011:*:JBjB\213J\213J):"
N "JBjB\010\062\212Br\204\071\276Z\306\232\316z\316\371\326W\306\322\214\330\326"
N "\370\326\370\326W\347\325\367\027\327\232\306z\306\071\276\364\224R|\257k\015"
N "SjB\010:\010:)\062\254B\012\062*\062\251!\251!g!b\010\011:n[oc\264\214Q\204D!e)I:"
N "\344\030%\031g)\310\061\351\061JB\254J\355R\015[.[Ncocok\260kr\204\223\214\021\204"
N "\361\213s\224\365\234\360{\307\071IJ\014[nk\350\071\350\071\010:\010BIJ\011B\344"
N "\030@\000\343\030\242\020A\010\202\010A\000b\010\302\020\202\020\202\010\202\010\202\010"
N "\202\020\202\010\202\020\202\020\201\010a\010\202\020\242\020\243\020\303\020\242\020"
N "\201\010@\010\040\000\242\010\015T\071\266z\306\233\316\232\316z\316{\316\370\265"
N "\025\235Z\306z\306z\316Y\306\327\265v\255\327\265Y\306\071\276\324\224\015S\206"
N ")\004!\303\020\243\020\303\030$!\350\061\354R\307\061jJIB\350\071\303\020e)\014[Q\204"
N "\364\224\216k\303\030\307\071\304\030%\031\247)\351\061\011\062\011:*:J:kB\213B\213"
N "J\254J\314R\355ZNc\021|\025\235s|\066\245\331\275\270\265\354Z\207)JB\355R.["
N "\307\061\307\071\350\071\350\071)Bf)\246\061\242\020\343\030a\010\347\071\247\061\014"
N "cf)a\010\303\020E!\253Jnc\061|\354RMc\307)\040\000b\010E!\246)\343\030@\010\040\000\040"
N "\000@\010\242\020\206)\267\255Z\276Z\276{\306\273\316\374\326\035\317Z\266\370"
N "\255:\276Z\276z\276:\276s\205h:\206)\216k\323\224v\245\223\204\004\031\202\020"
N "A\010A\010A\010a\010a\010\302\020\246\061\242\020a\010\242\020\302\030\302\020\303\020"
N "$!iJIBa\010\003\031\344\030g)\310\061\350\061\011\062\011:\011:\011:):J:JBkBkJ\254RMc"
N "\320s\263\214\071\276\232\316[\306\260s\307\061*:jB\213B\213J\247\061\247\061"
N "\247\061\307\071\010B\303\030iJ\202\020\343\030\040\000\040\000e)\211JQ\214\257s\014cI"
N "B\206)\202\010\343\030\246\061Mc\216k\206)\303\030\243\020f)\202\010\040\000\000\000\000"
N "\000a\010\247\061ncz\316\232\306\035\317\276\337\337\337\337\347\337\347\236\307"
N "\236\327]\307\374\316\071\276\330\255t\215\004\023@\000@\010\003!\211J\061\204\217c"
N "\354R\354RjB):\202\010\004\031\243\020\040\000\000\000\000\000\000\000\040\000\000\000\000\000\000\000\003\031\343"
N "\030a\010\303\020%!\207)\310\061\310\061\310\061\351\071\350\071\351\071\011:\011:):"
N "JBJB\212JMcNc\223\204y\306\015[\224\224\350\071jB\310\061\011\062):*:f)\206)\206"
N "\061\247\061\206\061\202\010\306\061\242\020\201\020\040\000\040\000A\010\201\020\252R\020"
N "\204-k-k\257s)B\010:\307\061%!A\010\040\000a\010\246\061\212JMc\257k\354R\314R\247"
N "\061\247)\227\245\233\316\233\316<\327\236\337\236\327\276\317\276\317\236"
N "\307<\317Z\276\071\276\330\265\330\255-[\303\020\303\020\343\030a\010\040\000@\000\343"
N "\030E)\307\061\252J\317{\360{\024\235r\204\344\030\040\000\040\000\040\000\000\000\040\000\000\000"
N "\000\000$!\201\020@\010\242\020F!\207)\250\061\310\061\310\061\310\061\310\061\350\071"
N "\350\071\350\071\010:)BIB\212J-c\253J\263\214\262\224\247\061\247\061IB\310\061"
N "\247)\350\061\351\061\351\061E)E)E)f)%!a\010D!\242\020A\010\040\000\040\000A\010a\010$!"
N "msjR\247\061\004!\202\020b\010\010:\020|\247\061\040\000\040\000\040\000\040\000\040\000a\010\303"
N "\030$!(B\360kZ\306\233\316z\316z\306:\276:\266:\266\227\245\270\255\071\276"
N "Z\276\370\265\330\265r\214%!\004\031%!\343\030a\010\040\000A\010A\010a\010a\010\307\061"
N "\247\061\242\020e)iJ\360sNc\314R\247)!\000\040\000\000\000\000\000\205\061\201\020a\010\303"
N "\020F!\207)\247\061\247\061\307\061\310\061\310\061\350\071\350\071\350\071\010:)B)"
N "B\212R\015[JB\024\245Mk\350\071f)\010\062f!\207!\310)\310\061\310\071\004!%!%!E!\243"
N "\020\242\020\343\030\202\020@\000\040\000\040\000a\010@\010\202\020\004!\202\020\303\030E)\004"
N "\031\004!IJ\262\214\307\061@\010\000\000\000\000\000\000\040\000\040\000\040\000\040\000\246)\330\255\273"
N "\316{\316Z\276\032\266\371\265\032\266\071\266\066\225\071\266Z\276\031\276\031\276"
N "\324\224)B)B\314R\314R\253R\213JjBa\010@\010\202\020\040\000\040\000HB\253J\004\031@\010"
N "@\000\202\020$!\010:nc\354R\213Jf!E!@\000\242\020\344\030E!\207)\247\061\250\061\250"
N "\061\307\061\310\061\310\071\350\071\350\071\350\071\010B)B\253R\354Z):\263\224\010"
N "B\350\071f)\350\061&!\207)\250\061\310\061\310\061\344\030\344\030\004\031\004\031b\010"
N "\242\020\202\010a\010\040\000@\000A\010a\010a\010$!(J\353j\211b(B\004\031\004\031\004!mk\307"
N "\061a\010\040\000\040\000\040\000\040\000\040\000\000\000@\000\061t\232\316z\306\273\316\374\326\035"
N "\327\374\326Z\276\031\266\330\265Z\276\071\266\031\276\025\235\206\061\303\030\242"
N "\020\302\020\343\030\004!D!e)\343\030\344\030\350\071\206)%!%\031\202\020IB\011:%!E!"
N "f!\206)f)\303\020\242\020\206)f)\040\000\303\020\004\031E!\206)\207\061\247\061\247\061"
N "\310\061\307\061\310\071\310\071\350\071\350\071\010B)B\253R\313RJB\253R\343\030\303"
N "\020\307\061\206)%!\206)\247\061\247\061\310\061\303\030\303\030\303\030\303\020A\010"
N "\343\030a\010a\010\040\000\040\000\040\000@\010@\000\252ZM{ibGZ\205)E!\344\030\303\030(B\247"
N "\061\202\020\040\000@\010\040\000\040\000\040\000\040\000\307\061\330\255\273\316Z\276Z\276Z"
N "\276z\276\034\337=\337z\306\071\276\370\265\370\265\025\235\247\061b\010a\010a\010"
N "\242\020\242\020\242\020a\010@\010a\010\040\000\040\000@\000A\010A\010A\010\040\000\004!Nc\247)"
N "a\010a\010a\010A\010A\010A\010\343\030\040\000\202\010\004!%!\206)\206)\207\061\247\061\247"
N "\061\247\061\307\071\307\061\307\061\350\071\010:\010B\212R\253RJJJJ\350\061A\010f)"
N "%!%!\206)\247\061\247\061\247\061\242\020\243\020\243\020\202\010\040\000\343\030A\010"
N "A\010\040\000\040\000@\010a\010\202\020\246\071(JIRiR\011:\350\061%!\344\030\247\061\307"
N "\061\202\020A\000a\010\040\000\040\000\040\000a\010\320kY\276:\266\371\255\331\255\371\255"
N "\071\276:\276:\276\031\266\370\265\270\255\065\235\350\071\303\020\344\030\202\020"
N "\243\020\343\020$\021\246\021\307\031\202\010\040\000\040\000a\000I\002\246\001A\000a\010\242\020"
N "\040\000@\010(B)B\040\000\040\000\040\000\202\010%!\242\020\000\000\202\010\004!E!f)f)\206)\206"
N "\061\247\061\247\061\247\061\307\061\307\061\307\071\350\071\350\071\212R\212J\313"
N "ZIB\213Ja\010\004\031\344\030%!f)f)\207\061\207\061\201\010\201\010\201\020a\010@\010"
N "\003!A\010\040\000\040\000\040\000\040\000\040\000@\000@\010a\010\201\020\242\020\344\030\004\031f!\247"
N ")\310\061\307\061\247)\250)\247)F!E!%!jB\066\225z\316Z\276Z\276\233\306\333\326"
N "\374\326\374\326\330\255\227\245\227\245\066\235\253J\344\030%!\010:\343\020$"
N "\011(\022\347\021\307\021(\032\302\020\040\000@\000\343\000\317\003\320\003\257\003I\002\343\000"
N "\040\000\040\000\040\000a\010\247\061\303\030\000\000A\010A\010\201\010a\010\303\020\004\031%!f)f"
N ")f)\206)\206)\206\061\247\061\307\061\247\061\247\061\307\071\350\071jJ):\216kMc"
N "\247\061%!\303\030\303\020%!f)f)\206)\206)a\010a\010a\010a\010\201\020\303\030a\010"
N "A\010A\000A\000A\010A\010A\000!\000\040\000\040\000\040\000\040\000\040\000@\000\040\000@\000@\010@\000a\010a\010"
N "\202\020\201\010\202\010\257c\267\255z\306\331\245\271\245\031\266\071\276\371"
N "\265w\245w\245\227\245\065\235\257k\207\061\344\030\343\030\211\"\307\021\303\020"
N "\344\030\303\030\202\020\003!\242\020\040\000\040\000a\010\202\010\307\001m\003\256\003\256\003"
N "e\001A\000@\010\242\020@\010\343\030\004\031A\010A\010a\010\343\030\243\020\004\031%!E)E)E)f"
N ")f)f)f)IBjB\313R)B\350\071)B\247)\317s\014[E)\206)\303\030\303\020$\031E!E!f)f"
N ")A\010a\010\243\020\304\020\304\020\005\031\005\031&\031f!f!F!F!F!&\031%\031%\031%\031E\031"
N "%\031\243\020\243\020\303\020\004\031E!\307\061\350\061JB\350\061\247)\324\214z\306"
N "\233\306z\306{\306\273\316z\306\371\255w\235\227\245V\235\021|\350\071b\010\303"
N "\020\004!\343\020\344\020\343\030\303\020\303\030\242\020\303\030\303\030@\010a\010\242"
N "\020b\010A\010A\000\246\001m\003\014\003(\002e\001@\000\242\020A\010@\010@\000a\010@\010\202\020\202"
N "\020\004\031%!%!%!E!E)E!E)E)\344\030$!\247\061\015c\307\061\350\071%!McjJ\246\061\347"
N "\071\303\020\243\020\004\031%!%!%!E)%!f)\207)\247)\011:oc\355Z\213J\254R\254R\314"
N "R\254J\217cR\204\315R\355R\016[.[\015S\304\020&\031\245\010\204\010c\000b\000A\000\040"
N "\000\040\000jB\025\225\330\265\270\255v\245\227\245V\235\066\235\330\255\031\276V"
N "\235\061|jB\213J\350\061\314R\242\020\212BE!@\000@\010a\010\242\020\004\031\004\031E!\247"
N "\061\247\061E!\243\020a\010a\010\202\010H\002M\003\353\002\307\001A\000\202\020a\010@\000a\010"
N "\040\000\201\010\202\010\344\030\004!\004!%!%!%!%!%!%!E!E)\350\071\223\214\354Z\206\061"
N "\303\020Lc\350\071E)\205\061\303\030\202\020\344\030\004!\004!\004!%!E)F)f)e)\004\031\212"
N "J\004\031\202\020\202\020\202\010\343\030\343\030E)\307\071$!\350\071\011:\354R\011B\243"
N "\020jJ\021|R|\062t\220c\356J+\062\351)\317kv\245\071\306\371\275\371\275\227\245"
N "W\235V\235w\245V\235\223\214jJ\344\030\260s\307\061\003!\246\061\014S):@\000a\010a"
N "\010\040\000\040\000@\010\242\020\004!\206)\010:\212J-[jJ\011:\206)\010\032\353\012i\002\347"
N "\001a\000\201\020a\010a\010\040\000\242\020b\010\303\030\344\030\344\030\004!\004!\004!\004!\004!\004"
N "!\004!E)\010B\365\234\253R%!\202\020\216k\247\061\202\010\004!\202\020\202\020\303\020"
N "\344\030\344\030\344\030\344\030a\010A\000A\000b\010\243\010J:\310)\005\021&\031&\031\207"
N ")\304\020\310\061\212J\243\020\242\020\202\010\202\010\243\020!\000\202\010\344\030F"
N "!\243\020f!)B\212J\320s\324\224\031\276\031\306\232\316W\245w\255\270\255\227"
N "\245w\245r\204\207)%!\004\031\206)\004\031%!\247\061):\247\061\303\020\242\020a\010e"
N ")\303\030\242\020@\000\040\000\040\000@\000@\000A\010\303\030$!\206)\246\061\307\061IB(:\347"
N ")\004!a\010a\010\040\000\242\020b\010\303\020\303\030\344\030\344\030\344\030\344\030\344"
N "\030\344\030\344\030\344\030\206\061\212R\324\234IB\004\031b\010Lk\004!a\010\242\020\201"
N "\010\202\010\243\020\243\020\303\030\303\030\303\030\314J\021t\220cs\204r\204s\204"
N "\024\235r\204s\204\324\224r\204\213JjB\011:\011:*BJB\213J\350\071\344\030\310)"
N "-S\260k\320s\217k.[\354Rnk\267\255\330\275W\255\065\255\066\265\066\235\030\276"
N "\227\255\264\214jB\206)\247\061\217k\320k\062|S|\022t\320k\220co[.[JB\015c-c-"
N "c-c\212JIB\350\071\206\061\343\030A\000\040\000@\000\040\000\040\000\040\000\040\000@\000\201\020A"
N "\010A\010\040\000a\010a\010\243\020\243\020\303\020\303\020\243\020\303\020\303\020\303"
N "\020\303\030\303\030\247\061\313Zr\214\310\071\303\030a\010\356s\344\030a\010\202\020"
N "\201\010a\010\202\020\202\020\243\020\243\020\243\020\242\020\242\020\201\020a\010\202"
N "\020@\010@\010@\010@\000\347\061A\010E)\253J\213J\212J\206)\206)\350\071\004\031\243\020"
N "\303\020\303\020\304\020\304\020\005\031F!F!\217k\227\255\223\214S\204\224\214\025"
N "\245\030\316\030\306\066\235\213J\004\031%!\303\020b\010\343\030f)\350\071)B\212J\354"
N "RNc\257kncU\255\061\204Q\204\021|\360{\317{\257snknk\216kMc\253R\246\061\202"
N "\020\040\000\040\000\040\000\040\000\040\000@\010\040\000a\010A\010\202\020\242\020\202\020\242\020"
N "\242\020\242\020\243\020\242\020\242\020\243\020\350\071\212R\253R\206\061\243\020"
N "\202\020\215k\307\071\010B\202\020\201\010a\010a\010\202\010\202\020\202\020\242\020"
N "$!E!E!\307\061\351\061\011:\011:)\062f!\005\031\303\020\344\030\004\031F!\310\061\355R\260"
N "kocN[Oc\260k\320koc\355RkJ\011:jBR\204\321s\207)\310\061\321s\217k\223\214\264"
N "\224\213J\247)F!\303\030)B):\355R.[J:%\031\304\020b\010A\000A\000$!a\010a\010\003\031\246"
N "\061iJ\353Z\064\235\065\245\061\204\061\204\020\204\317{\257sMk\313Z\010BE!a\010@"
N "\000@\000@\010a\010A\010a\010a\010\201\010\201\020\201\010\201\010\201\020\201\020\201\020"
N "\303\020\010:\206\061\206\061\011:\350\061IB\017|$)$!a\010a\010A\010a\010a\010a\010\201"
N "\010a\010\201\010\201\010\242\020\242\020\242\020\302\020\303\030\343\030\303\030\343"
N "\030%!f)\010:(:\350\071I:JB\314R\313J\213J):\010:\010:IBIB\307\061\253J\360s\310"
N ")\344\030\247\061\217cN[oc\320s\344\030jJ\020|.ckB\243\010a\010\242\020\206)\212"
N "J\314R\015S*:f!\212J\310\071f)$!\344\030\303\020e)\206)\202\020\004!\347\071\312Z"
N "\357{Q\204\061\204\020|\216sMk-c\212J%!\242\020a\010@\010a\010a\010a\010a\010a\010a"
N "\010a\010a\010a\010\303\030IB\206)\350\071\354Z.[\014[\215kf)\343\030\202\020\201\020"
N "@\010A\010a\010a\010a\010a\010a\010a\010a\010a\010a\010A\010@\010A\010@\010@\000A\010A\010a\010"
N "a\010a\010\201\010\202\020\202\020\202\020\201\020\201\010a\010a\010a\010\201\020\242"
N "\020\302\030\343\030\004!E!\307\061(B\252R,c,c\212JjB\307\061\247\061\253Rr\204\217"
N "c\314J\250)\004\031E!\303\020$!E)iJ,cMc\314RjJ\011:\253R\061\204\307\061E!\303\030"
N "\242\020a\010\343\030\306\061\256sv\255\020\204\317{Mk-c\313RE!A\010A\010A\010A\010"
N "A\010a\010a\010a\010A\010A\010\343\030\253J\310\061IJNc\320sD!(B)B\010:\004\031\201\020"
N "@\000@\010@\010A\010a\010a\010\040\000\040\000\040\000\040\000\202\020A\010a\010\303\030\202\020\201"
N "\010\201\010\004!\243\020\343\030$!\343\030\303\030\242\020a\010a\010a\010A\010A\010a\010"
N "a\010a\010a\010a\010a\010\201\020\201\010\201\020\201\010\201\020\242\020\302\020\343"
N "\030\205\061\353R)B\011:IB\216k\223\204\320k\314J\247)\207)f)\010:\206)\243\020"
N "\343\030\246\061\010:IB\354Z\216kz\306v\245\062|Nc\247\061E!\350\071\242\020\246"
N "\061\313Z\257snk\354Z-c\011B\243\020@\010@\010@\010@\010@\010A\010@\010@\010\004\031\314"
N "RjJ\014[\014[\212Jb\010\344\030\350\071\011:%!\201\010\040\000@\000@\010@\010@\010@\010\040"
N "\000\040\000\040\000\040\000\242\020\040\000\040\000\014[Nc):E!a\010b\010A\000\206)\307\061\350\071"
N "\347\071\201\010\040\000\040\000\040\000@\010a\010A\010\201\010\040\000@\000@\000a\010a\010A\010a\010"
N "a\010A\010a\010a\010a\010\201\010\302\020D)IB)B\314R\217k\021|r\214s\204\260k\021|"
N "nc\320sN[\253J):E!\202\010a\010E)(B\317s\263\224\030\266\227\255\330\265\314"
N "R\005!\202\020\242\020\306\071\014[\253RIJ\212J\247\061a\010\040\000@\000@\010@\010@\010@"
N "\000$!e)\303\030\010:\015[\242\020b\010\344\030\313R\253Rf)\201\010\040\000\040\000\040\000"
N "@\000@\000@\010\040\000\040\000\040\000\040\000\242\020@\000a\010U\245Y\306\360s\313R\247\061\206"
N ")E!e!\247\061\247\061\247\061a\010\040\000\040\000\040\000a\010a\010\201\010\202\020\040\000A"
N "\010A\010@\010\040\000\000\000\000\000\040\000\040\000\000\000\040\000a\010@\000A\010a\010a\010\201\010\202"
N "\020\242\020\343\030D!\307\071\212J\252RMc\061|\021|r\204\061\204\320s\021|\355RJ"
N "B\247)\303\020a\010\003!\246\061Mc\323\224\025\235s\204\355R%\031\202\020\004\031e)\350"
N "\071ncj:\010\032A\000\040\000\302\010\243\021@\000e)\350\061\206)\247\061\004\031A\010\202\020"
N "e)\350\071\010:\247\061a\010\040\000\040\000\040\000\040\000\040\000\040\000\040\000\000\000\040\000\040\000"
N "a\010\201\010\252J\370\275\030\276\327\265\061|-[\350\061E!%!E)E)f)a\010\040\000\040"
N "\000\040\000A\010a\010a\010\242\020\201\020\343\030a\010A\010\040\000@\000\040\000\040\000\040\000\000"
N "\000\000\000A\010\000\000\000\000\040\000a\010a\010a\010a\010\201\010A\010a\010a\010a\010\201\010a\010"
N "\302\020E)\347\071\252Rnk\020lr|\226\225\025\215\320k\213Bf!\202\010A\010e)\246"
N "\061\256sR\204\206)\344\030\202\020\004\031E!)\"\020\024\222\014\303\000\302\020c\031\040"
N "\000\246\061\011:\247\061iJE)A\010#!(B\350\071E)\247\061a\010\040\000\040\000\040\000\040\000\040"
N "\000\040\000\000\000\000\000\000\000\040\000@\000E!\064\235\227\255\267\255\226\255v\255v\255v\245"
N "\226\245\223\214\320sNc\253JA\010\040\000\040\000\040\000@\000A\010a\010\201\010\302\030\242"
N "\020\040\000\040\000\202\020\242\020\040\000\040\000@\000\000\000\000\000\242\020\040\000\040\000\040\000\040"
N "\000\040\000\040\000\201\010\242\020a\010A\010@\010A\010a\010a\010A\010A\010A\010A\010a\010\201"
N "\020\202\020\003!\246\061iBMc\020|-[-[\350\071b\010!\000a\010e)$!f)j:\216\023\217\003\307"
N "\001\242\010\206)\303\020\302\030@\000\246\061\307\071\307\071\247\061\343\030@\010\205"
N ")\312R\350\071f)\247AA\020\000\000\040\000\040\000\040\000\040\000\040\000\000\000\000\000\000\000\000\000$!\222"
N "\214v\245U\235\065\245\024\235\364\224\323\224\364\224\024\235\024\235\024\235"
N "\263\224\222\214\020|jB\247)%!\303\020a\010\040\000\040\000\040\000\040\000\040\000\040\000a\010"
N "a\010\040\000\040\000@\000\040\000\000\000\302\030\202\020@\010\040\000@\000\040\000\040\000a\010@\010\040"
N "\000\040\000\040\000\040\000\000\000\000\000\000\000A\010\202\020a\010a\010a\010a\010@\010@\010@\010A\010a"
N "\010a\010\201\020\343\030e)\307\061f)f)\247\061\247)E!f)\307\021\246\031\303\030\202"
N "\010\004!\343\030A\010e)IB)B\247\061\343\030@\010e)\353ZIB\307\061\307I\040\000\040\000\040"
N "\000\040\000\040\000\040\000\040\000\213J\350\071\307\061\247\061\212J-c\216k\216k\317s\360"
N "{\360s\217k\014S\213J):\310\061\247)f)\247\061\307\061\347\071HB\010:\347\071\307"
N "\061e)$!\004\031\242\020\202\020a\010@\010\040\000\000\000\000\000\000\000\000\000a\010$!$!\040\000a\010\040"
N "\000\040\000@\000@\010\040\000\040\000\040\000\040\000\000\000\000\000\000\000\000\000a\010\040\000\040\000\000\000a\010\201"
N "\020A\010a\010a\010a\010a\010A\010@\010@\000@\010A\010a\010\201\020\201\020\242\020D!\246"
N "\061\347\061\246\061)B\206\061E!\303\020\205)\257s\354Z\343\030@\010@\010D)\013[\206"
N "\061f)\307I\040\000\040\000\040\000\040\000\040\000\040\000\040\000Y\306\030\276\267\255V\245\263"
N "\214Q|\020t\257knc-[\354R\313R\354R\014[McMcMc-c\313RIB\350\071\206)\004\031\242"
N "\020A\010\040\000\040\000\040\000\040\000\040\000\040\000\040\000\040\000@\000@\010\040\000@\010@\000\040\000a\010"
N "!\000a\010@\010\242\020\302\020@\010@\000\040\000@\000\040\000\040\000\040\000\040\000\040\000A\010\040\000"
N "\040\000\000\000a\010A\010\040\000\040\000\040\000a\010a\010a\010a\010a\010a\010a\010a\010a\010A\010@"
N "\010@\010@\010a\010a\010a\010\202\020\004!\004\031\205)\014[\354ZIJa\010@\010#!+c\303\020"
N "\307\061\206\061\040\000\040\000\040\000\040\000\040\000\040\000\040\000Y\306z\316Y\306Y\306y\306"
N "Y\306Y\306\071\276\071\306Y\306\030\276\327\265V\245\364\224\222\204R\204\317"
N "k\216k-[\354R\253JjJjJ\212JjJIB\010:\206)E!$!\303\020\202\020a\010@\000\000\000\000\000"
N "\000\000\000\000@\010A\010a\010a\010\201\010\201\020\242\020\303\030@\010@\010\040\000\040\000\040"
N "\000\040\000\000\000\040\000\040\000\040\000\040\000\040\000A\010A\010\040\000\040\000\040\000a\010a\010A\010@\010"
N "@\010\040\000\040\000\040\000@\010\000\000\040\000@\000@\010A\010a\010a\010a\010a\010\201\020E)\014[i"
N "JD)A\010@\010\302\030\255s%!\253J\307\061\202\010\040\000\040\000\040\000\040\000\040\000\040\000"
N "z\316Y\306Y\306Y\306Y\306z\316z\306y\306Y\306z\306z\316z\316y\306z\316z\306"
N "z\316\232\316z\316\071\306\071\306\370\265\226\255\025\235\323\214\061|\320sn"
N "c-[\313RjBIB)B(:\010:\010:\247\061E!\004\031\242\020b\010A\000\040\000\000\000\040\000\040\000@\010"
N "A\010a\010@\010\040\000\000\000\000\000\000\000\000\000\000\000\000\000\000\000\000\000\000\000\000\000\000\000\040\000\040\000\040"
N "\000\040\000\040\000@\000@\000@\010\040\000\040\000@\010\040\000\040\000\040\000\040\000\040\000\040\000\040\000\040"
N "\000a\010a\010\242\020\201\020\040\000\040\000\040\000@\010\201\020\316{\310\061\314J\347\071"
N "IBE)\040\000\040\000\040\000\040\000\040\000z\316z\306\232\316\232\316\232\316\232\316z\316"
N "\232\316Y\306Y\306\232\316z\316\071\306z\316z\306z\316z\316\232\316y\306z\316"
N "\232\316z\316z\316z\316\232\316Y\306y\306z\316Y\306\071\306\330\265v\245\324"
N "\224r\204\020|\216knc-[\354R\313R\212J\212JIB\350\071\307\061\206)%!\004\031\303"
N "\030\202\020a\010A\000\040\000\000\000\000\000\000\000\000\000\000\000\000\000\000\000\000\000\040\000\000\000\040\000\040\000"
N "\040\000\040\000\040\000\040\000@\010a\010\201\020\040\000\000\000\000\000\040\000\040\000\040\000\040\000\040\000"
N "\040\000\040\000\040\000\040\000\040\000\040\000\040\000@\000a\010\356{jB\314R\347\071iJiJ\040\000\040"
N "\000\040\000\040\000\040\000\071\306Y\306Y\306Y\306y\306Y\306z\306Y\306z\316Y\306Y\306"
N "Y\306Y\306Y\306Y\306y\306z\306Y\306Y\306Y\306Y\306Y\306Y\306z\316Y\306z\316"
N "Y\306Y\306z\306Y\306Y\306\071\306Y\306z\316Y\306z\306Y\306Y\306\030\276\370"
N "\275\226\255\024\235\263\214R\204\021|\020|\257kMc\354R\253J\253R\313R\313R\212"
N "J)B\010:\307\061\206)e)\004\031\303\020a\010\040\000\040\000\000\000\000\000\000\000\000\000\040\000\040\000"
N "@\000a\010\040\000\000\000\000\000\000\000\000\000\000\000\040\000\040\000\040\000\040\000\040\000\040\000\040\000\040\000\040"
N "\000@\010a\010\214k\212J\253R\353Z\252RiJ\201\010\040\000\040\000\040\000\000\000\232\316z\316"
N "y\306z\316z\316Y\306\232\316z\316z\316z\316Y\306\232\316z\316z\316z\316Y\306"
N "\232\316\232\316z\316Y\306z\316Y\306z\306z\316z\316z\316z\316z\316\232\316"
N "z\316Y\306z\316z\316y\306Y\306Y\306Y\306Y\306Y\306z\316z\306Y\306z\316Y\306"
N "\071\306Y\306z\306y\306Y\306\370\265\227\255\065\235\223\214R\204\061|\217kM"
N "c\313R\212J\253R\313R\354R\014[\354ZjJ):(B\010:\247\061$!\344\030\202\010A\000\000"
N "\000\000\000\000\000\000\000\000\000\000\000\000\000\000\000\000\000\000\000\040\000\040\000\040\000\040\000\040\000a\010\251R\060"
N "\204\257s\020|\242\020\242\020\201\020\040\000\040\000\040\000\040\000y\306z\316\071\306z\316"
N "Y\306z\306Y\306Y\306Y\306Y\306Y\306z\306z\316Y\306z\316z\316z\316z\306Y\306"
N "y\306z\316Y\306Y\306Y\306\071\276Y\306Y\306Y\306Y\306Y\306Y\306\071\306Y\306"
N "Y\306Y\306y\306Y\306Y\306Y\306Y\306Y\306\071\306Y\306\071\306\071\306\071\306"
N "\071\276\071\306\071\276\030\276\071\306\071\306\071\306\071\306\030\276\071\276\071"
N "\306\370\275\267\265v\245V\245\222\214Q\204\317s\257k\014[jJ\350\061\247)\010"
N ":)B\252J\252J\303\020\000\000\000\000\000\000\000\000\000\000\000\000\000\000\000\000\000\000\000\000\000\000\040\000\040\000"
N "\040\000\201\020D)\211JHB\312Re)A\010\040\000\000\000\000\000\000\000\000\000Y\306Y\306\071\306\071"
N "\306Y\306Y\306Y\306z\306z\316y\306Y\306\071\306\071\306Y\306\071\306Y\306\071"
N "\306y\306Y\306Y\306Y\306\071\306\071\306z\316\070\276\030\276\070\276Y\306Y\306"
N "Y\306Y\306Y\306Y\306Y\306y\306\071\306Y\306z\306\071\276\071\306Y\306Y\306Y\306"
N "Y\306\071\306\071\306\071\306z\316Y\306Y\306z\306Y\306Y\306\071\306\071\306Y\306"
N "y\306Y\306Y\306Y\306y\306Y\306Y\306Y\306\071\306Y\306\071\276\370\275\327\265"
N "v\245\324\224Q\204\317snc\253R\010:\247\061\206)\004\031\303\020\202\020A\010\040\000"
N "\000\000\000\000\000\000\040\000\040\000\242\020\252R-cMc\216k\256k\360s\060|\257snk\313RIB\030"
N "\276Y\306\030\276\071\306\071\306\071\276\071\306\071\306\030\276Y\306Y\306Y\306"
N "Y\306Y\306Y\306Y\306z\316y\306Y\306Y\306Y\306Y\306Y\306\030\276Y\306\071\276"
N "Y\306\070\276\070\276\070\276\030\276\071\306Y\306Y\306Y\306Y\306Y\306\071\306\071"
N "\306\071\306y\306\070\276Y\306Y\306Y\306Y\306\071\306\030\276Y\306\071\306Y\306"
N "Y\306Y\306\071\306Y\306Y\306\071\306\071\306\030\276Y\306Y\306\030\276Y\306\030"
N "\276Y\306\071\306\071\306\071\306\030\276Y\306Y\306\071\306\071\306\071\306\071\276"
N "\370\275\030\276\370\265\065\245\024\235\363\224\263\214\263\224\317sMc-c\313"
N "R\014[\317s\364\224\065\245U\245\266\255v\255v\255u\245\266\255\226\255\226"
N "\255v\255Y\306Y\306\071\306z\316Y\306Y\306Y\306Y\306Y\306Y\306z\306\071\306"
N "\071\306\070\276\071\306Y\306\071\306\071\306Y\306\030\276\071\306Y\306Y\306Y\306"
N "\071\306Y\306\071\276\030\276\071\306\071\306\030\276\070\276\071\276\030\276\030\276"
N "\030\276\030\276\030\276\370\275\030\276\070\276\071\306\071\306\071\306\030\276\071"
N "\306\030\276\071\306\030\276\030\276\070\276\030\276\030\276\030\276\030\276\030\276"
N "\030\276\030\276\030\276\030\276\030\276\370\275\030\276\370\275\030\276\030\276\030"
N "\276\030\276\030\276\071\276\071\306\030\276\071\276\070\276\070\276\327\265\370\275"
N "\370\275\030\276\030\276\327\265\030\276\327\265\370\275\367\265\370\275\267"
N "\265\327\265v\255U\245\267\265v\255U\245\226\255U\245u\245v\255U\245v\255"
N "v\255\030\276\030\276\370\275\030\276\071\306\070\276\071\306\030\276\071\276\030\276"
N "\030\276\030\276\030\276\071\306\071\306\030\276\071\306Y\306\071\306\030\276\030\276"
N "\030\276\030\276\071\276\030\276\030\276\030\276\070\276\070\276\030\276\370\275\030"
N "\276\030\276\030\276\370\275\367\265\370\275\030\276\030\276\030\276\370\275\370"
N "\275\370\275\030\276\370\275\070\276\030\276\030\276\370\275\370\275\070\276\030"
N "\276\030\276\030\276\070\276\030\276\030\276\030\276\070\276\370\275\367\265\327"
N "\265\327\265\327\265\030\276\370\275\030\276\030\276\367\265\030\276\327\265\070"
N "\276Y\306\030\276\070\276\071\306\030\276\370\275\071\306\030\276\327\265\030\276"
N "\030\276\370\275\071\276\370\275\370\275\030\276\370\275\030\276\327\265\367\265"
N "\367\265\327\265\267\265\327\265\327\265\266\255\267\265\267\265\071\276\071"
N "\306\030\276\030\276\370\275\030\276\071\306\071\306\030\276\030\276\030\276\030\276"
N "\030\276\030\276\030\276\030\276\070\276\030\276\071\306\030\276\370\275\030\276\071"
N "\306\030\276\070\276\070\276\030\276\030\276\030\276\030\276\070\276\370\275\070\276"
N "\030\276\030\276\030\276\030\276\370\275\370\275\370\275\370\275\327\265\030\276"
N "\030\276\370\275\367\265\030\276\370\275\030\276\370\275\370\275\370\275\370"
N "\275\030\276\070\276\370\275\030\276\070\276\030\276\030\276\370\275\370\275\070"
N "\276\370\265\030\276\070\276\370\275\370\275\367\265\030\276\030\276\030\276\030"
N "\276\071\306\030\276\370\275\370\275\030\276\370\275\327\265\370\275\370\275"
N "\370\275\370\275\327\265\370\275\370\275\030\276\370\275\370\275\370\275\327"
N "\265\370\275\327\265\267\255\327\265\327\265\370\275\370\275\370\275\071\306"
N "\071\306\070\276\071\306\030\276Y\306Y\306\030\276\071\306\070\276Y\306\071\306\070"
N "\276\071\306Y\306\070\276\030\276\030\276\030\276\030\276\030\276\370\275\071\306"
N "\030\276\370\275\030\276\030\276\370\275\370\275\030\276\030\276\030\276\030\276"
N "\071\306\370\275\030\276\370\275\030\276\030\276\071\306\030\276\030\276\030\276\030"
N "\276\071\306\030\276\030\276\370\275\370\275\030\276\030\276\030\276\370\275\030"
N "\276\030\276\071\306\030\276\030\276\030\276\030\276\030\276\030\276\030\276\071\306"
N "\030\276\030\276\030\276\030\276\327\265\030\276\327\265\370\275\370\275\327\265"
N "\367\265\370\275\370\275\370\275\327\265\327\265\327\265\370\265\370\275\367"
N "\265\370\275\327\265\327\265\327\265\370\275\367\265\370\275\367\265\267\265"
N "\367\265\367\265\327\265\267\265\327\265\267\265\327\265\030\276\071\306\030"
N "\276\070\276\071\306\071\306\030\276\071\306\071\306\030\276Y\306\071\306Y\306\071"
N "\306Y\306Y\306Y\306Y\306Y\306\071\306Y\306\071\306\370\275\030\306\031\306\030"
N "\276\030\276\070\276\370\275\071\306\071\276\030\276\370\275Y\306Y\306Y\306\071"
N "\306\070\276\071\306\030\276\071\306\030\276\070\276\071\306\030\276\030\276\030\276"
N "\071\306\070\276\071\306\071\306\070\276\071\306\071\306\070\276\030\276\030\276\030"
N "\276\030\276\030\276\370\275\370\275\327\265\267\265\267\265\226\255\327\265"
N "\327\265\327\265\267\265\267\265\327\265\267\265\327\265\327\265\327\265\267"
N "\265\267\265\266\255\266\255\267\265\226\255\267\265\267\265\267\265\226\255"
N "\267\265\267\255\267\265\327\265\327\265\267\265\327\265\266\255\267\265\226"
N "\255\266\255\327\265\226\255\267\265\071\306\030\276\071\306Y\306\071\306\030\276"
N "\071\306\070\276\071\306\030\276\071\306\071\306Y\306\071\306\070\276\030\276Y\306"
N "\071\306\070\276\070\276\070\276\071\306\070\276\071\306\071\306\030\276\030\276\071"
N "\306\071\306\071\306\030\276\030\276\071\306\030\276\071\306\070\276Y\306\071\306\071"
N "\306\071\306\030\276\071\306\030\276\030\276\071\306\071\306Y\306\071\306\070\276\071"
N "\306\030\276\030\276\071\306\070\276\071\306\030\276\370\275\030\276\030\276\030\276"
N "\370\275\327\265\327\265\327\265\327\265\327\265\370\275\327\265\370\275\370"
N "\275\327\265\327\265\367\265\327\265\327\265\370\275\327\265\327\265\370\275"
N "\370\275\327\265\327\265\370\275\367\265\370\275\327\265\327\265\367\265\327"
N "\265\327\265\327\265\370\275\327\265\327\265\267\265\327\265\370\275\327\265"
N "\327\265\327\265\030\276\070\276\030\276\071\306\070\276\030\276\030\276\370\275"
N "\370\275\030\276\071\306\070\276\071\306\370\275\370\275\030\276\030\276\030\276"
N "\030\276\070\276\370\275\030\276\370\275\030\276\030\276\370\275\370\275\070\276"
N "\370\275\030\276\370\275\030\276\030\276\370\275\071\306\030\276\030\276\030\276"
N "\030\276\030\276\370\275\370\275\030\276\370\275\370\275\030\276\370\275\327\265"
N "\370\275\030\276\370\275\370\275\370\275\327\265\367\265\327\265\370\275\367"
N "\265\030\276\370\275\370\275\327\265\370\275\367\265\030\276\327\265\030\276"
N "\370\275\030\276\370\275\370\275\327\265\370\275\370\275\370\275\030\276\030"
N "\276\030\276\030\276\030\276\030\276\370\275\030\276\030\276\370\275\370\275\370"
N "\275\370\275\327\265\327\265\370\275\327\265\370\275\327\265\367\265\370\275"
N "\370\275\370\275\327\265\327\265\370\275\030\276\370\275\030\276\370\275\370"
N "\275\030\276\030\276\370\275\370\275\030\276\030\276\030\276\030\276\370\275\030"
N "\276\030\276\030\276\030\276\370\275\370\275\370\275\030\276\370\275\327\265\327"
N "\265\327\265\370\275\367\265\370\275\327\265\367\265\327\265\327\265\030\276"
N "\327\265\370\275\030\276\327\265\370\275\370\275\370\275\030\276\030\276\370"
N "\275\327\265\327\265\327\265\370\275\327\265\370\275\370\275\370\275\370\275"
N "\370\275\030\276\370\275\370\275\370\275\370\275\370\275\030\276\370\275\370"
N "\275\070\276\030\276\030\276\030\276\030\276\030\276\030\276\327\265\370\275\327"
N "\265\327\265\327\265\327\265\030\276\370\275\370\265\327\265\367\265\327\265"
N "\226\255\267\265\327\265\267\265\327\265\267\265\266\255\226\255\226\255\267"
N "\265\226\255\267\265\267\265\266\255\226\255\226\255v\255");
N
W "merc.c" 7 28 variable "MERC_pixel_data"  was declared but never referenced
